<?xml version="1.0" encoding="UTF-8" ?>
<testsuite tests="2" failures="0" name="com.almasb.fxgl.entity.component.IDComponentTest" time="0.001" errors="0" skipped="0">
  <properties>
    <property name="idea.plugins.compatible.build" value="162.9999"/>
    <property name="java.runtime.name" value="Java(TM) SE Runtime Environment"/>
    <property name="sun.boot.library.path" value="C:\Users\Almas\almas_program_files\JDK\jre\bin"/>
    <property name="java.vm.version" value="25.112-b15"/>
    <property name="java.vm.vendor" value="Oracle Corporation"/>
    <property name="maven.multiModuleProjectDirectory" value="C:/Users/Almas/workspace/java/FXGL"/>
    <property name="java.vendor.url" value="http://java.oracle.com/"/>
    <property name="path.separator" value=";"/>
    <property name="guice.disable.misplaced.annotation.check" value="true"/>
    <property name="java.vm.name" value="Java HotSpot(TM) 64-Bit Server VM"/>
    <property name="file.encoding.pkg" value="sun.io"/>
    <property name="user.script" value=""/>
    <property name="user.country" value="GB"/>
    <property name="sun.java.launcher" value="SUN_STANDARD"/>
    <property name="sun.os.patch.level" value=""/>
    <property name="java.vm.specification.name" value="Java Virtual Machine Specification"/>
    <property name="user.dir" value="C:\Users\Almas\workspace\java\FXGL"/>
    <property name="java.runtime.version" value="1.8.0_112-b15"/>
    <property name="java.awt.graphicsenv" value="sun.awt.Win32GraphicsEnvironment"/>
    <property name="idea.io.use.nio2" value="true"/>
    <property name="java.endorsed.dirs" value="C:\Users\Almas\almas_program_files\JDK\jre\lib\endorsed"/>
    <property name="os.arch" value="amd64"/>
    <property name="java.io.tmpdir" value="C:\Users\Almas\AppData\Local\Temp\"/>
    <property name="line.separator" value="
"/>
    <property name="java.vm.specification.vendor" value="Oracle Corporation"/>
    <property name="user.variant" value=""/>
    <property name="os.name" value="Windows 10"/>
    <property name="classworlds.conf" value="C:/Users/Almas/almas_program_files/apache-maven/bin/m2.conf"/>
    <property name="sun.jnu.encoding" value="Cp1252"/>
    <property name="java.library.path" value="C:\Users\Almas\almas_program_files\JDK\bin;C:\WINDOWS\Sun\Java\bin;C:\WINDOWS\system32;C:\WINDOWS;C:\Users\Almas\bin;C:\Users\Almas\almas_program_files\Git\mingw64\bin;C:\Users\Almas\almas_program_files\Git\usr\local\bin;C:\Users\Almas\almas_program_files\Git\usr\bin;C:\Users\Almas\almas_program_files\Git\usr\bin;C:\Users\Almas\almas_program_files\Git\mingw64\bin;C:\Users\Almas\almas_program_files\Git\usr\bin;C:\Users\Almas\bin;C:\ProgramData\Oracle\Java\javapath;C:\Program Files (x86)\Intel\iCLS Client;C:\Program Files\Intel\iCLS Client;C:\Windows\system32;C:\Windows;C:\Windows\System32\Wbem;C:\Windows\System32\WindowsPowerShell\v1.0;C:\Program Files (x86)\Intel\Intel(R) Management Engine Components\DAL;C:\Program Files\Intel\Intel(R) Management Engine Components\DAL;C:\Program Files (x86)\Intel\Intel(R) Management Engine Components\IPT;C:\Program Files\Intel\Intel(R) Management Engine Components\IPT;C:\Program Files (x86)\NVIDIA Corporation\PhysX\Common;C:\Users\Almas\almas_program_files\MiKTeX-2.9.5\miktex\bin;C:\Users\Almas\almas_program_files\pstoedit;C:\Users\Almas\almas_program_files\Ghostgum\gsview;C:\Users\Almas\almas_program_files\gs\gs9.18\bin;C:\WINDOWS\system32;C:\WINDOWS;C:\WINDOWS\System32\Wbem;C:\WINDOWS\System32\WindowsPowerShell\v1.0;C:\Program Files (x86)\Skype\Phone;C:\Users\Almas\almas_program_files\node-js;C:\Program Files\Microsoft SQL Server\120\Tools\Binn;C:\Program Files (x86)\Windows Kits\8.1\Windows Performance Toolkit;C:\Users\Almas\AppData\Local\atom\bin;C:\Users\Almas\AppData\Roaming\npm;C:\Users\Almas\almas_program_files\Pandoc;C:\Users\Almas\almas_program_files\cmake\bin;%USERPROFILE%\AppData\Local\Microsoft\WindowsApps;C:\Users\Almas\almas_program_files\Git\usr\bin\vendor_perl;C:\Users\Almas\almas_program_files\Git\usr\bin\core_perl;C:\Users\Almas\almas_program_files\JDK\bin;C:\Users\Almas\almas_program_files\apache-maven\bin;C:\Users\Almas\almas_program_files\Inno-5.5.6;C:\Users\Almas\almas_program_files\wix-3.1.0\bin;C:\Users\Almas\almas_program_files\MiKTeX-2.9.5\miktex\bin;C:\Users\Almas\almas_program_files\inkscape\inkscape;C:\Users\Almas\almas_program_files\pstoedit;C:\Users\Almas\almas_program_files\gs\gs9.18\bin;C:\Users\Almas\almas_program_files\Ghostgum\gsview;C:\Users\Dropbox\Storage\S\workspace\sh\win;C:\Users\Almas\almas_program_files\Haskell Platform 7.10.3\bin;C:\Users\Almas\almas_program_files\Ruby23-x64\bin;C:\Users\Almas\almas_program_files\cmake\bin;."/>
    <property name="java.specification.name" value="Java Platform API Specification"/>
    <property name="java.class.version" value="52.0"/>
    <property name="sun.management.compiler" value="HotSpot 64-Bit Tiered Compilers"/>
    <property name="os.version" value="10.0"/>
    <property name="user.home" value="C:\Users\Almas"/>
    <property name="user.timezone" value="Europe/London"/>
    <property name="java.awt.printerjob" value="sun.awt.windows.WPrinterJob"/>
    <property name="java.specification.version" value="1.8"/>
    <property name="file.encoding" value="Cp1252"/>
    <property name="user.name" value="Almas"/>
    <property name="java.class.path" value="C:/Users/Almas/almas_program_files/apache-maven/boot/plexus-classworlds-2.5.2.jar"/>
    <property name="java.vm.specification.version" value="1.8"/>
    <property name="sun.arch.data.model" value="64"/>
    <property name="java.home" value="C:\Users\Almas\almas_program_files\JDK\jre"/>
    <property name="sun.java.command" value="org.codehaus.plexus.classworlds.launcher.Launcher clean package"/>
    <property name="java.specification.vendor" value="Oracle Corporation"/>
    <property name="user.language" value="en"/>
    <property name="awt.toolkit" value="sun.awt.windows.WToolkit"/>
    <property name="java.vm.info" value="mixed mode"/>
    <property name="java.version" value="1.8.0_112"/>
    <property name="java.ext.dirs" value="C:\Users\Almas\almas_program_files\JDK\jre\lib\ext;C:\WINDOWS\Sun\Java\lib\ext"/>
    <property name="sun.boot.class.path" value="C:\Users\Almas\almas_program_files\JDK\jre\lib\resources.jar;C:\Users\Almas\almas_program_files\JDK\jre\lib\rt.jar;C:\Users\Almas\almas_program_files\JDK\jre\lib\sunrsasign.jar;C:\Users\Almas\almas_program_files\JDK\jre\lib\jsse.jar;C:\Users\Almas\almas_program_files\JDK\jre\lib\jce.jar;C:\Users\Almas\almas_program_files\JDK\jre\lib\charsets.jar;C:\Users\Almas\almas_program_files\JDK\jre\lib\jfr.jar;C:\Users\Almas\almas_program_files\JDK\jre\classes"/>
    <property name="java.vendor" value="Oracle Corporation"/>
    <property name="maven.home" value="C:\Users\Almas\almas_program_files\apache-maven"/>
    <property name="file.separator" value="\"/>
    <property name="java.vendor.url.bug" value="http://bugreport.sun.com/bugreport/"/>
    <property name="sun.cpu.endian" value="little"/>
    <property name="sun.io.unicode.encoding" value="UnicodeLittle"/>
    <property name="sun.desktop" value="windows"/>
    <property name="sun.cpu.isalist" value="amd64"/>
  </properties>
  <testcase classname="com.almasb.fxgl.entity.component.IDComponentTest" name="Equality" time="0"/>
  <testcase classname="com.almasb.fxgl.entity.component.IDComponentTest" name="Serialization" time="0.001"/>
</testsuite>